27-Oct-2024 23:56:11.006 INFO [main] org.apache.catalina.startup.VersionLoggerListener.log Server version name:   Apache Tomcat/9.0.96
27-Oct-2024 23:56:11.010 INFO [main] org.apache.catalina.startup.VersionLoggerListener.log Server built:          Oct 3 2024 19:44:30 UTC
27-Oct-2024 23:56:11.010 INFO [main] org.apache.catalina.startup.VersionLoggerListener.log Server version number: 9.0.96.0
27-Oct-2024 23:56:11.010 INFO [main] org.apache.catalina.startup.VersionLoggerListener.log OS Name:               Windows 10
27-Oct-2024 23:56:11.010 INFO [main] org.apache.catalina.startup.VersionLoggerListener.log OS Version:            10.0
27-Oct-2024 23:56:11.010 INFO [main] org.apache.catalina.startup.VersionLoggerListener.log Architecture:          amd64
27-Oct-2024 23:56:11.010 INFO [main] org.apache.catalina.startup.VersionLoggerListener.log Java Home:             C:\Program Files\Java\jdk1.8.0_121\jre
27-Oct-2024 23:56:11.011 INFO [main] org.apache.catalina.startup.VersionLoggerListener.log JVM Version:           1.8.0_121-b13
27-Oct-2024 23:56:11.011 INFO [main] org.apache.catalina.startup.VersionLoggerListener.log JVM Vendor:            Oracle Corporation
27-Oct-2024 23:56:11.011 INFO [main] org.apache.catalina.startup.VersionLoggerListener.log CATALINA_BASE:         C:\Users\divyanee.desale\IdeaProjects\StrutsProject
27-Oct-2024 23:56:11.011 INFO [main] org.apache.catalina.startup.VersionLoggerListener.log CATALINA_HOME:         C:\Users\divyanee.desale\Downloads\apache-tomcat-9.0.96\apache-tomcat-9.0.96
27-Oct-2024 23:56:11.015 INFO [main] org.apache.catalina.startup.VersionLoggerListener.log Command line argument: -Dcatalina.home=C:\Users\divyanee.desale\Downloads\apache-tomcat-9.0.96\apache-tomcat-9.0.96
27-Oct-2024 23:56:11.015 INFO [main] org.apache.catalina.startup.VersionLoggerListener.log Command line argument: -Dcatalina.base=C:\Users\divyanee.desale\IdeaProjects\StrutsProject
27-Oct-2024 23:56:11.015 INFO [main] org.apache.catalina.startup.VersionLoggerListener.log Command line argument: -Djava.io.tmpdir=C:\Users\divyanee.desale\IdeaProjects\StrutsProject\temp
27-Oct-2024 23:56:11.015 INFO [main] org.apache.catalina.startup.VersionLoggerListener.log Command line argument: -Djava.util.logging.config.file=C:\Users\divyanee.desale\IdeaProjects\StrutsProject\conf\logging.properties
27-Oct-2024 23:56:11.015 INFO [main] org.apache.catalina.startup.VersionLoggerListener.log Command line argument: -Djava.util.logging.manager=org.apache.juli.ClassLoaderLogManager
27-Oct-2024 23:56:11.015 INFO [main] org.apache.catalina.startup.VersionLoggerListener.log Command line argument: -javaagent:C:\Users\divyanee.desale\Downloads\ideaIC-2024.1.4.win\lib\idea_rt.jar=54443:C:\Users\divyanee.desale\Downloads\ideaIC-2024.1.4.win\bin
27-Oct-2024 23:56:11.015 INFO [main] org.apache.catalina.startup.VersionLoggerListener.log Command line argument: -Dfile.encoding=UTF-8
27-Oct-2024 23:56:11.076 INFO [main] org.apache.catalina.core.AprLifecycleListener.lifecycleEvent Loaded Apache Tomcat Native library [1.3.1] using APR version [1.7.4].
27-Oct-2024 23:56:11.077 INFO [main] org.apache.catalina.core.AprLifecycleListener.lifecycleEvent APR capabilities: IPv6 [true], sendfile [true], accept filters [false], random [true], UDS [true].
27-Oct-2024 23:56:11.077 INFO [main] org.apache.catalina.core.AprLifecycleListener.lifecycleEvent APR/OpenSSL configuration: useAprConnector [false], useOpenSSL [true]
27-Oct-2024 23:56:11.096 INFO [main] org.apache.catalina.core.AprLifecycleListener.initializeSSL OpenSSL successfully initialized [OpenSSL 3.0.14 4 Jun 2024]
27-Oct-2024 23:56:11.641 INFO [main] org.apache.coyote.AbstractProtocol.init Initializing ProtocolHandler ["http-nio-8080"]
27-Oct-2024 23:56:11.673 INFO [main] org.apache.catalina.startup.Catalina.load Server initialization in [969] milliseconds
27-Oct-2024 23:56:11.733 INFO [main] org.apache.catalina.core.StandardService.startInternal Starting service [Catalina]
27-Oct-2024 23:56:11.734 INFO [main] org.apache.catalina.core.StandardEngine.startInternal Starting Servlet engine: [Apache Tomcat/9.0.96]
27-Oct-2024 23:56:11.754 INFO [main] org.apache.catalina.startup.HostConfig.deployDescriptor Deploying deployment descriptor [C:\Users\divyanee.desale\IdeaProjects\StrutsProject\conf\Catalina\localhost\StrutsProject.xml]
27-Oct-2024 23:56:12.853 INFO [main] org.apache.jasper.servlet.TldScanner.scanJars At least one JAR was scanned for TLDs yet contained no TLDs. Enable debug logging for this logger for a complete list of JARs that were scanned but no TLDs were found in them. Skipping unneeded JARs during scanning can improve startup time and JSP compilation time.
27-Oct-2024 23:56:13.104 WARNING [main] org.apache.catalina.util.SessionIdGeneratorBase.createSecureRandom Creation of SecureRandom instance for session ID generation using [SHA1PRNG] took [209] milliseconds.
27-Oct-2024 23:56:13.122 INFO [main] org.apache.catalina.startup.HostConfig.deployDescriptor Deployment of deployment descriptor [C:\Users\divyanee.desale\IdeaProjects\StrutsProject\conf\Catalina\localhost\StrutsProject.xml] has finished in [1,369] ms
27-Oct-2024 23:56:13.126 INFO [main] org.apache.coyote.AbstractProtocol.start Starting ProtocolHandler ["http-nio-8080"]
27-Oct-2024 23:56:13.142 INFO [main] org.apache.catalina.startup.Catalina.start Server startup in [1469] milliseconds
27-Oct-2024 23:58:36.134 INFO [Thread-2] org.apache.coyote.AbstractProtocol.pause Pausing ProtocolHandler ["http-nio-8080"]
27-Oct-2024 23:58:36.443 INFO [Thread-2] org.apache.catalina.core.StandardService.stopInternal Stopping service [Catalina]
27-Oct-2024 23:58:36.464 INFO [Thread-2] org.apache.coyote.AbstractProtocol.stop Stopping ProtocolHandler ["http-nio-8080"]
27-Oct-2024 23:58:36.481 INFO [Thread-2] org.apache.coyote.AbstractProtocol.destroy Destroying ProtocolHandler ["http-nio-8080"]
